C51 COMPILER V9.59.0.0   LCD_8BIT                                                          11/21/2023 11:57:09 PAGE 1   


C51 COMPILER V9.59.0.0, COMPILATION OF MODULE LCD_8BIT
OBJECT MODULE PLACED IN .\Objects\lcd_8bit.obj
COMPILER INVOKED BY: C:\Keil_v5\C51\BIN\C51.EXE lcd_8bit.c OPTIMIZE(8,SPEED) BROWSE DEBUG OBJECTEXTEND PRINT(.\Listings\
                    -lcd_8bit.lst) TABS(2) OBJECT(.\Objects\lcd_8bit.obj)

line level    source

   1          //including header file
   2          #include <reg51.h>
   3          #include"lcd_8bit.h"
   4          #include"delay_sep.h"
   5          
   6          //defination of user defined funcations 
   7          void LCD_CMD(unsigned char cmd)                   //cmd funcation of LCD having cmd as aurgement
   8          {
   9   1        LED_port = cmd;                                 //cmd is assgin LED port 
  10   1        RS = 0;                                         //register select is zero for cmd
  11   1        RW = 0;                                         //read/write is zero
  12   1        EN = 1;                                         //enable = 1
  13   1        delay(5);                                       //calling delay funcation with 5 for pluse genration
  14   1        EN = 0;                                         //enable = 0
  15   1        delay(5);                                       //calling delay funcation with 5 for pluse genration
  16   1      }
  17          
  18          void LCD_DATA(unsigned char datas)                //data funcation of LCD having data as aurgement
  19          {
  20   1        LED_port = datas;                               //data is assgin LED port 
  21   1        RS = 1;                                         //register select is one for data
  22   1        RW = 0;                                         //read/write is zero
  23   1        EN = 1;                                         //enable = 1
  24   1        delay(5);                                       //calling delay funcation with 5 for pluse genration
  25   1        EN = 0;                                         //enable = 0
  26   1        delay(5);                                       //calling delay funcation with 5 for pluse genration
  27   1      }
  28          
  29          void init()                                       //initi funcation to initize the LCD
  30          {
  31   1        delay(5);                                       //calling delay funcation with 5
  32   1        LCD_CMD(0x38);                                  //8bit, 2row
  33   1        LCD_CMD(0x0C);                                  //display on, cursor off
  34   1        LCD_CMD(0x06);                                  //entry mode
  35   1        //LCD_CMD(0x01);
  36   1      }


MODULE INFORMATION:   STATIC OVERLAYABLE
   CODE SIZE        =     70    ----
   CONSTANT SIZE    =   ----    ----
   XDATA SIZE       =   ----    ----
   PDATA SIZE       =   ----    ----
   DATA SIZE        =   ----    ----
   IDATA SIZE       =   ----    ----
   BIT SIZE         =   ----    ----
END OF MODULE INFORMATION.


C51 COMPILATION COMPLETE.  0 WARNING(S),  0 ERROR(S)
