C51 COMPILER V9.59.0.0   LCD_8BIT_LIB                                                      11/21/2023 11:57:09 PAGE 1   


C51 COMPILER V9.59.0.0, COMPILATION OF MODULE LCD_8BIT_LIB
OBJECT MODULE PLACED IN .\Objects\lcd_8bit_lib.obj
COMPILER INVOKED BY: C:\Keil_v5\C51\BIN\C51.EXE lcd_8bit_lib.c OPTIMIZE(8,SPEED) BROWSE DEBUG OBJECTEXTEND PRINT(.\Listi
                    -ngs\lcd_8bit_lib.lst) TABS(2) OBJECT(.\Objects\lcd_8bit_lib.obj)

line level    source

   1          //including header files 
   2          #include <reg51.h>
   3          #include"lcd_8bit.h"
   4          #include"delay_sep.h"
   5          
   6          //main funcation
   7          void main()
   8          {
   9   1        
  10   1        init();                                       //initilazation of LCD
  11   1        //cmds for LCD
  12   1        LCD_CMD(0x80);                                //forcing cursor cursor to start from 1st row
  13   1        
  14   1        //passing char which we want to display on LCD as arugement of funcation and it will take ascii value of 
             -char as parameter
  15   1        LCD_DATA('A');                                // ascii value char 'A' = 65
  16   1        LCD_DATA('D');                                // ascii value char 'D' = 68
  17   1        LCD_DATA('I');                                // ascii value char 'I' = 73
  18   1        LCD_DATA('T');                                // ascii value char 'T' = 84
  19   1        LCD_DATA('Y');                                // ascii value char 'Y' = 89
  20   1        LCD_DATA('A');                                // ascii value char 'A' = 97
  21   1      
  22   1        //cmds for LCD
  23   1        LCD_CMD(0xC0);                                //forcing cursor cursor to start from 2nd row
  24   1        
  25   1        
  26   1        //passing char which we want to display on LCD as arugement of funcation and it will take ascii value of 
             -char as parameter
  27   1        LCD_DATA('N');                                // ascii value char 'N' = 78
  28   1        LCD_DATA('I');                                // ascii value char 'I' = 73
  29   1        LCD_DATA('J');                                // ascii value char 'J' = 74
  30   1        LCD_DATA('A');                                // ascii value char 'A' = 97
  31   1        LCD_DATA('V');                                // ascii value char 'V' = 86
  32   1        LCD_DATA('E');                                // ascii value char 'A' = 69
  33   1      }


MODULE INFORMATION:   STATIC OVERLAYABLE
   CODE SIZE        =     73    ----
   CONSTANT SIZE    =   ----    ----
   XDATA SIZE       =   ----    ----
   PDATA SIZE       =   ----    ----
   DATA SIZE        =   ----    ----
   IDATA SIZE       =   ----    ----
   BIT SIZE         =   ----    ----
END OF MODULE INFORMATION.


C51 COMPILATION COMPLETE.  0 WARNING(S),  0 ERROR(S)
