C51 COMPILER V9.59.0.0   LCD_FOURBIT                                                       11/21/2023 14:52:09 PAGE 1   


C51 COMPILER V9.59.0.0, COMPILATION OF MODULE LCD_FOURBIT
OBJECT MODULE PLACED IN .\Objects\LCD_FourBit.obj
COMPILER INVOKED BY: C:\Keil_v5\C51\BIN\C51.EXE LCD_FourBit.c OPTIMIZE(8,SPEED) BROWSE DEBUG OBJECTEXTEND PRINT(.\Listin
                    -gs\LCD_FourBit.lst) TABS(2) OBJECT(.\Objects\LCD_FourBit.obj)

line level    source

   1          //including delay funcation
   2          #include<reg51.h>
   3          #include"LCD_FourBit.h"
   4          #include"delay.h"
   5          
   6          //defination of user defined funcation
   7          void LCD_cmd(unsigned char cmd)             //lcd cmd funcation
   8          {
   9   1        
  10   1        RS = 0;                                   //register select toggle to 0
  11   1        RW = 0;                                   //read/write toggle to 0
  12   1        
  13   1        LCD_port = (cmd & 0xF0);                  //cmd is anding with 11110000 
  14   1        EN = 1;                                   //EN = 1
  15   1        delay(5);                                 //calling delay for pluse
  16   1        EN = 0;                                   //EN = 0
  17   1        delay(5);                                 //calling delay for pluse
  18   1        
  19   1        LCD_port = ((cmd << 4) & 0xF0);
  20   1        EN = 1;                                   //EN = 1
  21   1        delay(5);                                 //calling delay for pluse
  22   1        EN = 0;                                   //EN = 0
  23   1        delay(5);                                 //calling delay for pluse
  24   1      }
  25          
  26          void LCD_data(unsigned char dat)
  27          {
  28   1        
  29   1        RS = 1;                                   //register select toggle to 1
  30   1        RW = 0;                                   //read/write toggle to 0
  31   1        
  32   1        LCD_port = (dat & 0xF0);                  //dat is anding with 11110000 
  33   1        EN = 1;                                   //EN = 1
  34   1        delay(5);                                 //calling delay for pluse
  35   1        EN = 0;                                   //EN = 0
  36   1        delay(5);                                 //calling delay for pluse
  37   1          
  38   1        LCD_port = ((dat << 4)&0xF0);
  39   1        EN = 1;                                   //EN = 1
  40   1        delay(5);                                 //calling delay for pluse
  41   1        EN = 0;                                   //EN = 0
  42   1        delay(5);                                 //calling delay for pluse
  43   1      }
  44          
  45          void init()
  46          {
  47   1        
  48   1        delay(5);                                 //calling delay funcation with 5
  49   1        LCD_cmd(0x02);
  50   1        LCD_cmd(0x28);                            //4 bit, 2 rows
  51   1        LCD_cmd(0x0C);                            //display on cursor off
  52   1        LCD_cmd(0x06);                            //entry mode
  53   1        
  54   1      }
C51 COMPILER V9.59.0.0   LCD_FOURBIT                                                       11/21/2023 14:52:09 PAGE 2   



MODULE INFORMATION:   STATIC OVERLAYABLE
   CODE SIZE        =    137    ----
   CONSTANT SIZE    =   ----    ----
   XDATA SIZE       =   ----    ----
   PDATA SIZE       =   ----    ----
   DATA SIZE        =   ----       2
   IDATA SIZE       =   ----    ----
   BIT SIZE         =   ----    ----
END OF MODULE INFORMATION.


C51 COMPILATION COMPLETE.  0 WARNING(S),  0 ERROR(S)
