C51 COMPILER V9.59.0.0   LCD_4BIT_DIFF_PORTPIN_MAIN                                        11/21/2023 15:10:25 PAGE 1   


C51 COMPILER V9.59.0.0, COMPILATION OF MODULE LCD_4BIT_DIFF_PORTPIN_MAIN
OBJECT MODULE PLACED IN .\Objects\LCD_4BIT_DIFF_PORTPIN_MAIN.obj
COMPILER INVOKED BY: C:\Keil_v5\C51\BIN\C51.EXE LCD_4BIT_DIFF_PORTPIN_MAIN.c OPTIMIZE(8,SPEED) BROWSE DEBUG OBJECTEXTEND
                    - PRINT(.\Listings\LCD_4BIT_DIFF_PORTPIN_MAIN.lst) TABS(2) OBJECT(.\Objects\LCD_4BIT_DIFF_PORTPIN_MAIN.obj)

line level    source

   1          //including the lib
   2          #include<reg51.h>
   3          #include"delay.h"
   4          
   5          //micro define for lcd port to P0
   6          //#define LCD_port P0                           //LCD port is P0
   7          //sfr LCD_port = 0x80;
   8          
   9          //sbit declreation
  10          sbit d4 = P1^0;
  11          sbit d5 = P1^1;
  12          sbit d6 = P2^2;
  13          sbit d7 = P3^3;
  14          
  15          sbit RS = P2^5;                               //Register Select 
  16          sbit RW = P2^6;                               //Read/Write 
  17          sbit EN = P2^7;                               //ENable select 
  18          
  19          
  20          //forword decleration 
  21          void init();                                  // init() function to activate the LCD
  22          void LCD_cmd(unsigned char);                  // LCD_cmd() function to pass cmd to LCD_port
  23          void LCD_data(unsigned char);                 // LCD_data() function to pass data to LCD_port
  24          void LCD_string(unsigned char *);             // LCD_string() function to pass string to display data through LC
             -D_data() function
  25          void bit_seprate(unsigned char );
  26          
  27          
  28          void main()
  29          {
  30   1        init();
  31   1        while(1)
  32   1        {
  33   2          LCD_cmd(0x80);
  34   2          LCD_string("DIFFERENT CODE");
  35   2          LCD_cmd(0xC0);
  36   2          LCD_string("ADITYA NIJAVE");
  37   2        }
  38   1      }
  39          
  40          // init() function defination
  41          void init()                       
  42          {
  43   1        
  44   1        delay(5);                       // delay
  45   1        LCD_cmd(0X02);
  46   1        LCD_cmd(0x28);                  // 4 bit data (2 line)
  47   1        LCD_cmd(0x0C);                  // display on and curser off
  48   1        LCD_cmd(0x06);                  // entry mode
  49   1      }
  50          
  51          // LCD_cmd() function defination with one argument "cmd"
  52          void LCD_cmd(unsigned char cmd)
  53          {
C51 COMPILER V9.59.0.0   LCD_4BIT_DIFF_PORTPIN_MAIN                                        11/21/2023 15:10:25 PAGE 2   

  54   1        
  55   1        RS = 0;                         //the register select is in active low mode for command
  56   1        RW = 0;                         //open
  57   1        
  58   1        bit_seprate(cmd);               //assigning the value of cmd to  LCD_port
  59   1        EN = 1;                         //creating pluse for EN (high)
  60   1        delay(5);                       //delay for EN
  61   1        EN = 0;                         //creating pluse for EN (low)
  62   1        delay(5);                       //delay for EN
  63   1        
  64   1        bit_seprate(cmd << 4);          //assigning the value of cmd to  LCD_port   (left shift by 4)
  65   1        EN = 1;                         //creating pluse for EN (high)
  66   1        delay(5);                       //delay for EN
  67   1        EN = 0;                         //creating pluse for EN (low)
  68   1        delay(5);                       //delay for EN
  69   1      }
  70          
  71          // LCD_data() function defination with one argument "dat"
  72          void LCD_data(unsigned char dat)
  73          {
  74   1        RS = 1;                         //the register select is in active high mode for data
  75   1        RW = 0;                         //open
  76   1        
  77   1        bit_seprate(dat);               //assigning the value of dat to  LCD_port
  78   1        EN = 1;                         //creating pluse for EN (high)
  79   1        delay(5);                       //delay for EN
  80   1        EN = 0;                         //creating pluse for EN (low)
  81   1        delay(5);                       //delay for EN
  82   1        
  83   1        bit_seprate(dat << 4);          //assigning the value of dat to  LCD_port    (left shift by 4)
  84   1        EN = 1;                         //creating pluse for EN (high)
  85   1        delay(5);                       //delay for EN
  86   1        EN = 0;                         //creating pluse for EN (low)
  87   1        delay(5);                       //delay for EN
  88   1      }
  89          
  90          // LCD_string() function defination with one argument "*string"
  91          void LCD_string(unsigned char *string)
  92          {
  93   1        while(*string)
  94   1        {
  95   2          LCD_data(*string++);
  96   2        }
  97   1      }
  98          
  99          
 100          //bit_seprate
 101          void bit_seprate(unsigned char bit_value)
 102          {
 103   1        d4 = ((bit_value >> 4) & 0x01);
 104   1        d5 = ((bit_value >> 5) & 0x01);
 105   1        d6 = ((bit_value >> 6) & 0x01);
 106   1        d7 = ((bit_value >> 7) & 0x01);
 107   1      }


MODULE INFORMATION:   STATIC OVERLAYABLE
   CODE SIZE        =    240    ----
   CONSTANT SIZE    =     29    ----
   XDATA SIZE       =   ----    ----
   PDATA SIZE       =   ----    ----
   DATA SIZE        =   ----       5
C51 COMPILER V9.59.0.0   LCD_4BIT_DIFF_PORTPIN_MAIN                                        11/21/2023 15:10:25 PAGE 3   

   IDATA SIZE       =   ----    ----
   BIT SIZE         =   ----    ----
END OF MODULE INFORMATION.


C51 COMPILATION COMPLETE.  0 WARNING(S),  0 ERROR(S)
